<?xml version="1.0" encoding="UTF-8"?>
<!-- Generated by org.testng.reporters.JUnitReportReporter -->
<testsuite name="Test.LoginTest" tests="2" time="27.151" ignored="0" failures="0" timestamp="15 May 2017 05:05:11 GMT" skipped="0" hostname="LAPTOP-GDVJRS9M" errors="0">
  <testcase name="loginWithVaildDetails" time="13.577" classname="Test.LoginTest"/>
  <testcase name="loginWithInvaildDetails" time="13.574" classname="Test.LoginTest"/>
</testsuite> <!-- Test.LoginTest -->
